This is pdfTeX, Version 3.14159265-2.6-1.40.16 (TeX Live 2015/Debian) (preloaded format=pdflatex 2018.10.12)  3 NOV 2018 18:35
entering extended mode
 restricted \write18 enabled.
 %&-line parsing enabled.
**SI.tex
(./SI.tex
LaTeX2e <2016/02/01>
Babel <3.9q> and hyphenation patterns for 81 language(s) loaded.
(/usr/share/texlive/texmf-dist/tex/latex/achemso/achemso.cls
Document Class: achemso 2016/01/20 v3.10b Submission to ACS journals
(/usr/share/texlive/texmf-dist/tex/latex/base/article.cls
Document Class: article 2014/09/29 v1.4h Standard LaTeX document class
(/usr/share/texlive/texmf-dist/tex/latex/base/size12.clo
File: size12.clo 2014/09/29 v1.4h Standard LaTeX file (size option)
)
\c@part=\count79
\c@section=\count80
\c@subsection=\count81
\c@subsubsection=\count82
\c@paragraph=\count83
\c@subparagraph=\count84
\c@figure=\count85
\c@table=\count86
\abovecaptionskip=\skip41
\belowcaptionskip=\skip42
\bibindent=\dimen102
)
(/usr/share/texlive/texmf-dist/tex/latex/xkeyval/xkeyval.sty
Package: xkeyval 2014/12/03 v2.7a package option processing (HA)

(/usr/share/texlive/texmf-dist/tex/generic/xkeyval/xkeyval.tex
(/usr/share/texlive/texmf-dist/tex/generic/xkeyval/xkvutils.tex
\XKV@toks=\toks14
\XKV@tempa@toks=\toks15

(/usr/share/texlive/texmf-dist/tex/generic/xkeyval/keyval.tex))
\XKV@depth=\count87
File: xkeyval.tex 2014/12/03 v2.7a key=value parser (HA)
))
\acs@bib@file=\write3
\c@bibnote=\count88

(/usr/share/texlive/texmf-dist/tex/latex/geometry/geometry.sty
Package: geometry 2010/09/12 v5.6 Page Geometry

(/usr/share/texlive/texmf-dist/tex/generic/oberdiek/ifpdf.sty
Package: ifpdf 2011/01/30 v2.3 Provides the ifpdf switch (HO)
Package ifpdf Info: pdfTeX in PDF mode is detected.
)
(/usr/share/texlive/texmf-dist/tex/generic/oberdiek/ifvtex.sty
Package: ifvtex 2010/03/01 v1.5 Detect VTeX and its facilities (HO)
Package ifvtex Info: VTeX not detected.
)
(/usr/share/texlive/texmf-dist/tex/generic/ifxetex/ifxetex.sty
Package: ifxetex 2010/09/12 v0.6 Provides ifxetex conditional
)
\Gm@cnth=\count89
\Gm@cntv=\count90
\c@Gm@tempcnt=\count91
\Gm@bindingoffset=\dimen103
\Gm@wd@mp=\dimen104
\Gm@odd@mp=\dimen105
\Gm@even@mp=\dimen106
\Gm@layoutwidth=\dimen107
\Gm@layoutheight=\dimen108
\Gm@layouthoffset=\dimen109
\Gm@layoutvoffset=\dimen110
\Gm@dimlist=\toks16
)
(/usr/share/texlive/texmf-dist/tex/latex/caption/caption.sty
Package: caption 2016/02/21 v3.3-144 Customizing captions (AR)

(/usr/share/texlive/texmf-dist/tex/latex/caption/caption3.sty
Package: caption3 2016/02/04 v1.7-139 caption3 kernel (AR)
Package caption3 Info: TeX engine: e-TeX on input line 67.
\captionmargin=\dimen111
\captionmargin@=\dimen112
\captionwidth=\dimen113
\caption@tempdima=\dimen114
\caption@indent=\dimen115
\caption@parindent=\dimen116
\caption@hangindent=\dimen117
)
\c@ContinuedFloat=\count92
)
(/usr/share/texlive/texmf-dist/tex/latex/float/float.sty
Package: float 2001/11/08 v1.3d Float enhancements (AL)
\c@float@type=\count93
\float@exts=\toks17
\float@box=\box26
\@float@everytoks=\toks18
\@floatcapt=\box27
)
(/usr/share/texlive/texmf-dist/tex/latex/graphics/graphicx.sty
Package: graphicx 2014/10/28 v1.0g Enhanced LaTeX Graphics (DPC,SPQR)

(/usr/share/texlive/texmf-dist/tex/latex/graphics/graphics.sty
Package: graphics 2016/01/03 v1.0q Standard LaTeX Graphics (DPC,SPQR)

(/usr/share/texlive/texmf-dist/tex/latex/graphics/trig.sty
Package: trig 2016/01/03 v1.10 sin cos tan (DPC)
)
(/usr/share/texlive/texmf-dist/tex/latex/latexconfig/graphics.cfg
File: graphics.cfg 2010/04/23 v1.9 graphics configuration of TeX Live
)
Package graphics Info: Driver file: pdftex.def on input line 95.

(/usr/share/texlive/texmf-dist/tex/latex/pdftex-def/pdftex.def
File: pdftex.def 2011/05/27 v0.06d Graphics/color for pdfTeX

(/usr/share/texlive/texmf-dist/tex/generic/oberdiek/infwarerr.sty
Package: infwarerr 2010/04/08 v1.3 Providing info/warning/error messages (HO)
)
(/usr/share/texlive/texmf-dist/tex/generic/oberdiek/ltxcmds.sty
Package: ltxcmds 2011/11/09 v1.22 LaTeX kernel commands for general use (HO)
)
\Gread@gobject=\count94
))
\Gin@req@height=\dimen118
\Gin@req@width=\dimen119
)
(/usr/share/texlive/texmf-dist/tex/latex/setspace/setspace.sty
Package: setspace 2011/12/19 v6.7a set line spacing
)
(/usr/share/texlive/texmf-dist/tex/latex/url/url.sty
\Urlmuskip=\muskip10
Package: url 2013/09/16  ver 3.4  Verb mode for urls, etc.
)
\acs@author@cnt=\count95
\acs@affil@cnt=\count96
\acs@affil@alt@cnt=\count97
\acs@footnote@cnt=\count98
\acs@affil@marker@cnt=\count99
\acs@space@pre@title=\skip43
\acs@space@post@title=\skip44
\acs@space@post@author=\skip45
\acs@space@post@address=\skip46
\acs@space@post@email=\skip47
\acs@maketitle@width=\skip48
\@float@every@scheme=\toks19
\c@scheme=\count100
\@float@every@chart=\toks20
\c@chart=\count101
\@float@every@graph=\toks21
\c@graph=\count102
\@float@every@table=\toks22
\acs@collect@toks=\toks23
\acs@collect@empty@toks=\toks24
\acs@tocentry@height=\skip49
\acs@tocentry@width=\skip50

(/usr/share/texlive/texmf-dist/tex/latex/achemso/jacsat.cfg
File: jacsat.cfg 2016/01/20 v3.10b achemso configuration: J. Am. Chem. Soc.
)
(/usr/share/texlive/texmf-dist/tex/latex/natbib/natbib.sty
Package: natbib 2010/09/13 8.31b (PWD, AO)
\bibhang=\skip51
\bibsep=\skip52
LaTeX Info: Redefining \cite on input line 694.
\c@NAT@ctr=\count103
)
(/usr/share/texlive/texmf-dist/tex/latex/achemso/natmove.sty
Package: natmove 2016/01/20 v3.10b Automatic citation moving with natbib
)
(/usr/share/texlive/texmf-dist/tex/latex/mciteplus/mciteplus.sty
Package: mciteplus 2013/09/13 v1.2 enhanced mcite
\@mcitetmptoksA=\toks25
\@mcitetmpdima=\dimen120
\@mcitetmpdimb=\dimen121
\@mcitetmpcnta=\count104
\@mcitetmpcntb=\count105
\c@mcitebibitemcount=\count106
\c@mcitesubitemcount=\count107

** mciteplus: Detected natbib.sty. Invoking hooks.
)) (/usr/share/texlive/texmf-dist/tex/latex/wrapfig/wrapfig.sty
\wrapoverhang=\dimen122
\WF@size=\dimen123
\c@WF@wrappedlines=\count108
\WF@box=\box28
\WF@everypar=\toks26
Package: wrapfig 2003/01/31  v 3.6
)
(/usr/share/texlive/texmf-dist/tex/latex/xargs/xargs.sty
Package: xargs 2008/03/22 v1.1  extended macro definitions  (mpg)
\xargs@max=\count109
\xargs@toksa=\toks27
\xargs@toksb=\toks28
)
(/usr/share/texlive/texmf-dist/tex/latex/xcolor/xcolor.sty
Package: xcolor 2007/01/21 v2.11 LaTeX color extensions (UK)

(/usr/share/texlive/texmf-dist/tex/latex/latexconfig/color.cfg
File: color.cfg 2007/01/18 v1.5 color configuration of teTeX/TeXLive
)
Package xcolor Info: Driver file: pdftex.def on input line 225.
Package xcolor Info: Model `cmy' substituted by `cmy0' on input line 1337.
Package xcolor Info: Model `hsb' substituted by `rgb' on input line 1341.
Package xcolor Info: Model `RGB' extended on input line 1353.
Package xcolor Info: Model `HTML' substituted by `rgb' on input line 1355.
Package xcolor Info: Model `Hsb' substituted by `hsb' on input line 1356.
Package xcolor Info: Model `tHsb' substituted by `hsb' on input line 1357.
Package xcolor Info: Model `HSB' substituted by `hsb' on input line 1358.
Package xcolor Info: Model `Gray' substituted by `gray' on input line 1359.
Package xcolor Info: Model `wave' substituted by `hsb' on input line 1360.

(/usr/share/texlive/texmf-dist/tex/latex/graphics/dvipsnam.def
File: dvipsnam.def 2015/12/30 v3.0k Driver-dependent file (DPC,SPQR)
))
(/usr/share/texlive/texmf-dist/tex/latex/todonotes/todonotes.sty
Package: todonotes 2015/07/09 .dtx Todonotes source and documentation.
Package: todonotes 2012/07/25

(/usr/share/texlive/texmf-dist/tex/latex/base/ifthen.sty
Package: ifthen 2014/09/29 v1.1c Standard LaTeX ifthen package (DPC)
)
(/usr/share/texlive/texmf-dist/tex/latex/pgf/frontendlayer/tikz.sty
(/usr/share/texlive/texmf-dist/tex/latex/pgf/basiclayer/pgf.sty
(/usr/share/texlive/texmf-dist/tex/latex/pgf/utilities/pgfrcs.sty
(/usr/share/texlive/texmf-dist/tex/generic/pgf/utilities/pgfutil-common.tex
\pgfutil@everybye=\toks29
\pgfutil@tempdima=\dimen124
\pgfutil@tempdimb=\dimen125

(/usr/share/texlive/texmf-dist/tex/generic/pgf/utilities/pgfutil-common-lists.t
ex)) (/usr/share/texlive/texmf-dist/tex/generic/pgf/utilities/pgfutil-latex.def
\pgfutil@abb=\box29
(/usr/share/texlive/texmf-dist/tex/latex/ms/everyshi.sty
Package: everyshi 2001/05/15 v3.00 EveryShipout Package (MS)
))
(/usr/share/texlive/texmf-dist/tex/generic/pgf/utilities/pgfrcs.code.tex
Package: pgfrcs 2015/08/07 v3.0.1a (rcs-revision 1.31)
))
Package: pgf 2015/08/07 v3.0.1a (rcs-revision 1.15)

(/usr/share/texlive/texmf-dist/tex/latex/pgf/basiclayer/pgfcore.sty
(/usr/share/texlive/texmf-dist/tex/latex/pgf/systemlayer/pgfsys.sty
(/usr/share/texlive/texmf-dist/tex/generic/pgf/systemlayer/pgfsys.code.tex
Package: pgfsys 2014/07/09 v3.0.1a (rcs-revision 1.48)

(/usr/share/texlive/texmf-dist/tex/generic/pgf/utilities/pgfkeys.code.tex
\pgfkeys@pathtoks=\toks30
\pgfkeys@temptoks=\toks31

(/usr/share/texlive/texmf-dist/tex/generic/pgf/utilities/pgfkeysfiltered.code.t
ex
\pgfkeys@tmptoks=\toks32
))
\pgf@x=\dimen126
\pgf@y=\dimen127
\pgf@xa=\dimen128
\pgf@ya=\dimen129
\pgf@xb=\dimen130
\pgf@yb=\dimen131
\pgf@xc=\dimen132
\pgf@yc=\dimen133
\w@pgf@writea=\write4
\r@pgf@reada=\read1
\c@pgf@counta=\count110
\c@pgf@countb=\count111
\c@pgf@countc=\count112
\c@pgf@countd=\count113
\t@pgf@toka=\toks33
\t@pgf@tokb=\toks34
\t@pgf@tokc=\toks35
 (/usr/share/texlive/texmf-dist/tex/generic/pgf/systemlayer/pgf.cfg
File: pgf.cfg 2008/05/14  (rcs-revision 1.7)
)
Driver file for pgf: pgfsys-pdftex.def

(/usr/share/texlive/texmf-dist/tex/generic/pgf/systemlayer/pgfsys-pdftex.def
File: pgfsys-pdftex.def 2014/10/11  (rcs-revision 1.35)

(/usr/share/texlive/texmf-dist/tex/generic/pgf/systemlayer/pgfsys-common-pdf.de
f
File: pgfsys-common-pdf.def 2013/10/10  (rcs-revision 1.13)
)))
(/usr/share/texlive/texmf-dist/tex/generic/pgf/systemlayer/pgfsyssoftpath.code.
tex
File: pgfsyssoftpath.code.tex 2013/09/09  (rcs-revision 1.9)
\pgfsyssoftpath@smallbuffer@items=\count114
\pgfsyssoftpath@bigbuffer@items=\count115
)
(/usr/share/texlive/texmf-dist/tex/generic/pgf/systemlayer/pgfsysprotocol.code.
tex
File: pgfsysprotocol.code.tex 2006/10/16  (rcs-revision 1.4)
))
(/usr/share/texlive/texmf-dist/tex/generic/pgf/basiclayer/pgfcore.code.tex
Package: pgfcore 2010/04/11 v3.0.1a (rcs-revision 1.7)

(/usr/share/texlive/texmf-dist/tex/generic/pgf/math/pgfmath.code.tex
(/usr/share/texlive/texmf-dist/tex/generic/pgf/math/pgfmathcalc.code.tex
(/usr/share/texlive/texmf-dist/tex/generic/pgf/math/pgfmathutil.code.tex)
(/usr/share/texlive/texmf-dist/tex/generic/pgf/math/pgfmathparser.code.tex
\pgfmath@dimen=\dimen134
\pgfmath@count=\count116
\pgfmath@box=\box30
\pgfmath@toks=\toks36
\pgfmath@stack@operand=\toks37
\pgfmath@stack@operation=\toks38
)
(/usr/share/texlive/texmf-dist/tex/generic/pgf/math/pgfmathfunctions.code.tex
(/usr/share/texlive/texmf-dist/tex/generic/pgf/math/pgfmathfunctions.basic.code
.tex)
(/usr/share/texlive/texmf-dist/tex/generic/pgf/math/pgfmathfunctions.trigonomet
ric.code.tex)
(/usr/share/texlive/texmf-dist/tex/generic/pgf/math/pgfmathfunctions.random.cod
e.tex)
(/usr/share/texlive/texmf-dist/tex/generic/pgf/math/pgfmathfunctions.comparison
.code.tex)
(/usr/share/texlive/texmf-dist/tex/generic/pgf/math/pgfmathfunctions.base.code.
tex)
(/usr/share/texlive/texmf-dist/tex/generic/pgf/math/pgfmathfunctions.round.code
.tex)
(/usr/share/texlive/texmf-dist/tex/generic/pgf/math/pgfmathfunctions.misc.code.
tex)
(/usr/share/texlive/texmf-dist/tex/generic/pgf/math/pgfmathfunctions.integerari
thmetics.code.tex)))
(/usr/share/texlive/texmf-dist/tex/generic/pgf/math/pgfmathfloat.code.tex
\c@pgfmathroundto@lastzeros=\count117
))
(/usr/share/texlive/texmf-dist/tex/generic/pgf/basiclayer/pgfcorepoints.code.te
x
File: pgfcorepoints.code.tex 2013/10/07  (rcs-revision 1.27)
\pgf@picminx=\dimen135
\pgf@picmaxx=\dimen136
\pgf@picminy=\dimen137
\pgf@picmaxy=\dimen138
\pgf@pathminx=\dimen139
\pgf@pathmaxx=\dimen140
\pgf@pathminy=\dimen141
\pgf@pathmaxy=\dimen142
\pgf@xx=\dimen143
\pgf@xy=\dimen144
\pgf@yx=\dimen145
\pgf@yy=\dimen146
\pgf@zx=\dimen147
\pgf@zy=\dimen148
)
(/usr/share/texlive/texmf-dist/tex/generic/pgf/basiclayer/pgfcorepathconstruct.
code.tex
File: pgfcorepathconstruct.code.tex 2013/10/07  (rcs-revision 1.29)
\pgf@path@lastx=\dimen149
\pgf@path@lasty=\dimen150
)
(/usr/share/texlive/texmf-dist/tex/generic/pgf/basiclayer/pgfcorepathusage.code
.tex
File: pgfcorepathusage.code.tex 2014/11/02  (rcs-revision 1.24)
\pgf@shorten@end@additional=\dimen151
\pgf@shorten@start@additional=\dimen152
)
(/usr/share/texlive/texmf-dist/tex/generic/pgf/basiclayer/pgfcorescopes.code.te
x
File: pgfcorescopes.code.tex 2015/05/08  (rcs-revision 1.46)
\pgfpic=\box31
\pgf@hbox=\box32
\pgf@layerbox@main=\box33
\pgf@picture@serial@count=\count118
)
(/usr/share/texlive/texmf-dist/tex/generic/pgf/basiclayer/pgfcoregraphicstate.c
ode.tex
File: pgfcoregraphicstate.code.tex 2014/11/02  (rcs-revision 1.12)
\pgflinewidth=\dimen153
)
(/usr/share/texlive/texmf-dist/tex/generic/pgf/basiclayer/pgfcoretransformation
s.code.tex
File: pgfcoretransformations.code.tex 2015/08/07  (rcs-revision 1.20)
\pgf@pt@x=\dimen154
\pgf@pt@y=\dimen155
\pgf@pt@temp=\dimen156
)
(/usr/share/texlive/texmf-dist/tex/generic/pgf/basiclayer/pgfcorequick.code.tex
File: pgfcorequick.code.tex 2008/10/09  (rcs-revision 1.3)
)
(/usr/share/texlive/texmf-dist/tex/generic/pgf/basiclayer/pgfcoreobjects.code.t
ex
File: pgfcoreobjects.code.tex 2006/10/11  (rcs-revision 1.2)
)
(/usr/share/texlive/texmf-dist/tex/generic/pgf/basiclayer/pgfcorepathprocessing
.code.tex
File: pgfcorepathprocessing.code.tex 2013/09/09  (rcs-revision 1.9)
)
(/usr/share/texlive/texmf-dist/tex/generic/pgf/basiclayer/pgfcorearrows.code.te
x
File: pgfcorearrows.code.tex 2015/05/14  (rcs-revision 1.43)
\pgfarrowsep=\dimen157
)
(/usr/share/texlive/texmf-dist/tex/generic/pgf/basiclayer/pgfcoreshade.code.tex
File: pgfcoreshade.code.tex 2013/07/15  (rcs-revision 1.15)
\pgf@max=\dimen158
\pgf@sys@shading@range@num=\count119
)
(/usr/share/texlive/texmf-dist/tex/generic/pgf/basiclayer/pgfcoreimage.code.tex
File: pgfcoreimage.code.tex 2013/07/15  (rcs-revision 1.18)

(/usr/share/texlive/texmf-dist/tex/generic/pgf/basiclayer/pgfcoreexternal.code.
tex
File: pgfcoreexternal.code.tex 2014/07/09  (rcs-revision 1.21)
\pgfexternal@startupbox=\box34
))
(/usr/share/texlive/texmf-dist/tex/generic/pgf/basiclayer/pgfcorelayers.code.te
x
File: pgfcorelayers.code.tex 2013/07/18  (rcs-revision 1.7)
)
(/usr/share/texlive/texmf-dist/tex/generic/pgf/basiclayer/pgfcoretransparency.c
ode.tex
File: pgfcoretransparency.code.tex 2013/09/30  (rcs-revision 1.5)
)
(/usr/share/texlive/texmf-dist/tex/generic/pgf/basiclayer/pgfcorepatterns.code.
tex
File: pgfcorepatterns.code.tex 2013/11/07  (rcs-revision 1.5)
)))
(/usr/share/texlive/texmf-dist/tex/generic/pgf/modules/pgfmoduleshapes.code.tex
File: pgfmoduleshapes.code.tex 2014/03/21  (rcs-revision 1.35)
\pgfnodeparttextbox=\box35
) (/usr/share/texlive/texmf-dist/tex/generic/pgf/modules/pgfmoduleplot.code.tex
File: pgfmoduleplot.code.tex 2015/08/03  (rcs-revision 1.13)
)
(/usr/share/texlive/texmf-dist/tex/latex/pgf/compatibility/pgfcomp-version-0-65
.sty
Package: pgfcomp-version-0-65 2007/07/03 v3.0.1a (rcs-revision 1.7)
\pgf@nodesepstart=\dimen159
\pgf@nodesepend=\dimen160
)
(/usr/share/texlive/texmf-dist/tex/latex/pgf/compatibility/pgfcomp-version-1-18
.sty
Package: pgfcomp-version-1-18 2007/07/23 v3.0.1a (rcs-revision 1.1)
)) (/usr/share/texlive/texmf-dist/tex/latex/pgf/utilities/pgffor.sty
(/usr/share/texlive/texmf-dist/tex/latex/pgf/utilities/pgfkeys.sty
(/usr/share/texlive/texmf-dist/tex/generic/pgf/utilities/pgfkeys.code.tex))
(/usr/share/texlive/texmf-dist/tex/latex/pgf/math/pgfmath.sty
(/usr/share/texlive/texmf-dist/tex/generic/pgf/math/pgfmath.code.tex))
(/usr/share/texlive/texmf-dist/tex/generic/pgf/utilities/pgffor.code.tex
Package: pgffor 2013/12/13 v3.0.1a (rcs-revision 1.25)

(/usr/share/texlive/texmf-dist/tex/generic/pgf/math/pgfmath.code.tex)
\pgffor@iter=\dimen161
\pgffor@skip=\dimen162
\pgffor@stack=\toks39
\pgffor@toks=\toks40
))
(/usr/share/texlive/texmf-dist/tex/generic/pgf/frontendlayer/tikz/tikz.code.tex
Package: tikz 2015/08/07 v3.0.1a (rcs-revision 1.151)

(/usr/share/texlive/texmf-dist/tex/generic/pgf/libraries/pgflibraryplothandlers
.code.tex
File: pgflibraryplothandlers.code.tex 2013/08/31 v3.0.1a (rcs-revision 1.20)
\pgf@plot@mark@count=\count120
\pgfplotmarksize=\dimen163
)
\tikz@lastx=\dimen164
\tikz@lasty=\dimen165
\tikz@lastxsaved=\dimen166
\tikz@lastysaved=\dimen167
\tikzleveldistance=\dimen168
\tikzsiblingdistance=\dimen169
\tikz@figbox=\box36
\tikz@figbox@bg=\box37
\tikz@tempbox=\box38
\tikz@tempbox@bg=\box39
\tikztreelevel=\count121
\tikznumberofchildren=\count122
\tikznumberofcurrentchild=\count123
\tikz@fig@count=\count124

(/usr/share/texlive/texmf-dist/tex/generic/pgf/modules/pgfmodulematrix.code.tex
File: pgfmodulematrix.code.tex 2013/09/17  (rcs-revision 1.8)
\pgfmatrixcurrentrow=\count125
\pgfmatrixcurrentcolumn=\count126
\pgf@matrix@numberofcolumns=\count127
)
\tikz@expandcount=\count128

(/usr/share/texlive/texmf-dist/tex/generic/pgf/frontendlayer/tikz/libraries/tik
zlibrarytopaths.code.tex
File: tikzlibrarytopaths.code.tex 2008/06/17 v3.0.1a (rcs-revision 1.2)
)))
(/usr/share/texlive/texmf-dist/tex/generic/pgf/frontendlayer/tikz/libraries/tik
zlibrarypositioning.code.tex
File: tikzlibrarypositioning.code.tex 2008/10/06 v3.0.1a (rcs-revision 1.7)
)
(/usr/share/texlive/texmf-dist/tex/latex/tools/calc.sty
Package: calc 2014/10/28 v4.3 Infix arithmetic (KKT,FJ)
\calc@Acount=\count129
\calc@Bcount=\count130
\calc@Adimen=\dimen170
\calc@Bdimen=\dimen171
\calc@Askip=\skip53
\calc@Bskip=\skip54
LaTeX Info: Redefining \setlength on input line 80.
LaTeX Info: Redefining \addtolength on input line 81.
\calc@Ccount=\count131
\calc@Cskip=\skip55
)
\c@@todonotes@numberoftodonotes=\count132
)
(/usr/share/texlive/texmf-dist/tex/latex/amsfonts/amsfonts.sty
Package: amsfonts 2013/01/14 v3.01 Basic AMSFonts support
\@emptytoks=\toks41
\symAMSa=\mathgroup4
\symAMSb=\mathgroup5
LaTeX Font Info:    Overwriting math alphabet `\mathfrak' in version `bold'
(Font)                  U/euf/m/n --> U/euf/b/n on input line 106.
)
(/usr/share/texlive/texmf-dist/tex/latex/epigraph/epigraph.sty
Package: epigraph 2009/09/02 v1.5c typesetting epigraphs
\beforeepigraphskip=\skip56
\afterepigraphskip=\skip57
\epigraphwidth=\skip58
\epigraphrule=\skip59
)
(/usr/share/texlive/texmf-dist/tex/latex/mhchem/mhchem.sty
Package: mhchem 2016/02/07 v4.04 for typesetting chemical formulae

(/usr/share/texlive/texmf-dist/tex/latex/l3kernel/expl3.sty
Package: expl3 2016/01/19 v6377 L3 programming layer (loader) 

(/usr/share/texlive/texmf-dist/tex/latex/l3kernel/expl3-code.tex
Package: expl3 2016/01/19 v6377 L3 programming layer (code)
L3 Module: l3bootstrap 2016/01/01 v6339 L3 Bootstrap code
L3 Module: l3names 2015/12/21 v6328 L3 Namespace for primitives
L3 Module: l3basics 2015/11/22 v6315 L3 Basic definitions
L3 Module: l3expan 2015/09/10 v5983 L3 Argument expansion
L3 Module: l3tl 2015/09/29 v6121 L3 Token lists
L3 Module: l3str 2016/01/03 v6357 L3 Strings
L3 Module: l3seq 2015/08/05 v5777 L3 Sequences and stacks
L3 Module: l3int 2016/01/05 v6366 L3 Integers
\c_max_int=\count133
\l_tmpa_int=\count134
\l_tmpb_int=\count135
\g_tmpa_int=\count136
\g_tmpb_int=\count137
L3 Module: l3quark 2015/08/17 v5855 L3 Quarks
L3 Module: l3prg 2015/11/01 v6216 L3 Control structures
\g__prg_map_int=\count138
L3 Module: l3clist 2015/09/02 v5901 L3 Comma separated lists
L3 Module: l3token 2015/11/11 v6249 L3 Experimental token manipulation
L3 Module: l3prop 2016/01/05 v6366 L3 Property lists
L3 Module: l3msg 2015/09/28 v6113 L3 Messages
L3 Module: l3file 2015/12/03 v6317 L3 File and I/O operations
\l_iow_line_count_int=\count139
\l__iow_target_count_int=\count140
\l__iow_current_line_int=\count141
\l__iow_current_word_int=\count142
\l__iow_current_indentation_int=\count143
L3 Module: l3skip 2016/01/05 v6366 L3 Dimensions and skips
\c_zero_dim=\dimen172
\c_max_dim=\dimen173
\l_tmpa_dim=\dimen174
\l_tmpb_dim=\dimen175
\g_tmpa_dim=\dimen176
\g_tmpb_dim=\dimen177
\c_zero_skip=\skip60
\c_max_skip=\skip61
\l_tmpa_skip=\skip62
\l_tmpb_skip=\skip63
\g_tmpa_skip=\skip64
\g_tmpb_skip=\skip65
\c_zero_muskip=\muskip11
\c_max_muskip=\muskip12
\l_tmpa_muskip=\muskip13
\l_tmpb_muskip=\muskip14
\g_tmpa_muskip=\muskip15
\g_tmpb_muskip=\muskip16
L3 Module: l3keys 2015/11/17 v6284 L3 Key-value interfaces
\g__keyval_level_int=\count144
\l_keys_choice_int=\count145
L3 Module: l3fp 2015/08/25 v5890 L3 Floating points
\c__fp_leading_shift_int=\count146
\c__fp_middle_shift_int=\count147
\c__fp_trailing_shift_int=\count148
\c__fp_big_leading_shift_int=\count149
\c__fp_big_middle_shift_int=\count150
\c__fp_big_trailing_shift_int=\count151
\c__fp_Bigg_leading_shift_int=\count152
\c__fp_Bigg_middle_shift_int=\count153
\c__fp_Bigg_trailing_shift_int=\count154
L3 Module: l3box 2015/08/09 v5822 L3 Experimental boxes
\c_empty_box=\box40
\l_tmpa_box=\box41
\l_tmpb_box=\box42
\g_tmpa_box=\box43
\g_tmpb_box=\box44
L3 Module: l3coffins 2015/08/06 v5789 L3 Coffin code layer
\l__coffin_internal_box=\box45
\l__coffin_internal_dim=\dimen178
\l__coffin_offset_x_dim=\dimen179
\l__coffin_offset_y_dim=\dimen180
\l__coffin_x_dim=\dimen181
\l__coffin_y_dim=\dimen182
\l__coffin_x_prime_dim=\dimen183
\l__coffin_y_prime_dim=\dimen184
\c_empty_coffin=\box46
\l__coffin_aligned_coffin=\box47
\l__coffin_aligned_internal_coffin=\box48
\l_tmpa_coffin=\box49
\l_tmpb_coffin=\box50
\l__coffin_display_coffin=\box51
\l__coffin_display_coord_coffin=\box52
\l__coffin_display_pole_coffin=\box53
\l__coffin_display_offset_dim=\dimen185
\l__coffin_display_x_dim=\dimen186
\l__coffin_display_y_dim=\dimen187
L3 Module: l3color 2014/08/23 v5354 L3 Experimental color support
L3 Module: l3sys 2015/09/25 v6087 L3 Experimental system/runtime functions
L3 Module: l3candidates 2016/01/14 v6376 L3 Experimental additions to l3kernel
\l__box_top_dim=\dimen188
\l__box_bottom_dim=\dimen189
\l__box_left_dim=\dimen190
\l__box_right_dim=\dimen191
\l__box_top_new_dim=\dimen192
\l__box_bottom_new_dim=\dimen193
\l__box_left_new_dim=\dimen194
\l__box_right_new_dim=\dimen195
\l__box_internal_box=\box54
\l__coffin_bounding_shift_dim=\dimen196
\l__coffin_left_corner_dim=\dimen197
\l__coffin_right_corner_dim=\dimen198
\l__coffin_bottom_corner_dim=\dimen199
\l__coffin_top_corner_dim=\dimen256
\l__coffin_scaled_total_height_dim=\dimen257
\l__coffin_scaled_width_dim=\dimen258
L3 Module: l3luatex 2015/11/11 v6250 L3 Experimental LuaTeX-specific functions
)
(/usr/share/texlive/texmf-dist/tex/latex/l3kernel/l3pdfmode.def
File: l3pdfmode.def 2015/11/11 v6250 L3 Experimental driver: PDF mode
\l__driver_color_stack_int=\count155
))
(/usr/share/texlive/texmf-dist/tex/latex/l3packages/l3keys2e/l3keys2e.sty
Package: l3keys2e 2016/01/19 v6377 LaTeX2e option processing using LaTeX3 keys
)
(/usr/share/texlive/texmf-dist/tex/latex/l3experimental/l3str/l3regex.sty
Package: l3regex 2016/01/19 v6377 L3 Experimental regular expressions

(/usr/share/texlive/texmf-dist/tex/latex/l3experimental/l3str/l3tl-build.sty
Package: l3tl-build 2016/01/19 v6377 L3 Experimental token list construction
\l__tl_build_start_index_int=\count156
\l__tl_build_index_int=\count157
)
(/usr/share/texlive/texmf-dist/tex/latex/l3experimental/l3str/l3tl-analysis.sty
Package: l3tl-analysis 2015/11/09 v6244 L3 Experimental token lists analysis
\l__tl_analysis_normal_int=\count158
\l__tl_analysis_index_int=\count159
\l__tl_analysis_nesting_int=\count160
\l__tl_analysis_type_int=\count161
) (/usr/share/texlive/texmf-dist/tex/latex/l3experimental/l3str/l3flag.sty
Package: l3flag 2016/01/19 v6377 L3 Experimental flags
)
(/usr/share/texlive/texmf-dist/tex/latex/l3experimental/l3str/l3str-convert.sty
Package: l3str-convert 2015/09/26 v6106 L3 Experimental string encoding convers
ions
\l__str_internal_int=\count162
\c__str_replacement_char_int=\count163
)
\l__regex_internal_a_int=\count164
\l__regex_internal_b_int=\count165
\l__regex_internal_c_int=\count166
\l__regex_balance_int=\count167
\l__regex_group_level_int=\count168
\l__regex_mode_int=\count169
\l__regex_catcodes_int=\count170
\l__regex_default_catcodes_int=\count171
\c__regex_catcode_D_int=\count172
\c__regex_catcode_S_int=\count173
\c__regex_catcode_L_int=\count174
\c__regex_catcode_O_int=\count175
\c__regex_catcode_A_int=\count176
\c__regex_all_catcodes_int=\count177
\l__regex_show_lines_int=\count178
\l__regex_min_state_int=\count179
\l__regex_max_state_int=\count180
\l__regex_left_state_int=\count181
\l__regex_right_state_int=\count182
\l__regex_capturing_group_int=\count183
\l__regex_min_pos_int=\count184
\l__regex_max_pos_int=\count185
\l__regex_current_pos_int=\count186
\l__regex_start_pos_int=\count187
\l__regex_success_pos_int=\count188
\l__regex_current_char_int=\count189
\l__regex_current_catcode_int=\count190
\l__regex_last_char_int=\count191
\l__regex_case_changed_char_int=\count192
\l__regex_current_state_int=\count193
\l__regex_step_int=\count194
\l__regex_min_active_int=\count195
\l__regex_max_active_int=\count196
\l__regex_replacement_csnames_int=\count197
\l__regex_match_count_int=\count198
\l__regex_submatch_int=\count199
\l__regex_zeroth_submatch_int=\count266
) (/usr/share/texlive/texmf-dist/tex/latex/amsmath/amsmath.sty
Package: amsmath 2016/03/03 v2.15a AMS math features
\@mathmargin=\skip66

For additional information on amsmath, use the `?' option.
(/usr/share/texlive/texmf-dist/tex/latex/amsmath/amstext.sty
Package: amstext 2000/06/29 v2.01 AMS text

(/usr/share/texlive/texmf-dist/tex/latex/amsmath/amsgen.sty
File: amsgen.sty 1999/11/30 v2.0 generic functions
\@emptytoks=\toks42
\ex@=\dimen259
))
(/usr/share/texlive/texmf-dist/tex/latex/amsmath/amsbsy.sty
Package: amsbsy 1999/11/29 v1.2d Bold Symbols
\pmbraise@=\dimen260
)
(/usr/share/texlive/texmf-dist/tex/latex/amsmath/amsopn.sty
Package: amsopn 1999/12/14 v2.01 operator names
)
\inf@bad=\count267
LaTeX Info: Redefining \frac on input line 199.
\uproot@=\count268
\leftroot@=\count269
LaTeX Info: Redefining \overline on input line 297.
\classnum@=\count270
\DOTSCASE@=\count271
LaTeX Info: Redefining \ldots on input line 394.
LaTeX Info: Redefining \dots on input line 397.
LaTeX Info: Redefining \cdots on input line 518.
\Mathstrutbox@=\box55
\strutbox@=\box56
\big@size=\dimen261
LaTeX Font Info:    Redeclaring font encoding OML on input line 630.
LaTeX Font Info:    Redeclaring font encoding OMS on input line 631.
\macc@depth=\count272
\c@MaxMatrixCols=\count273
\dotsspace@=\muskip17
\c@parentequation=\count274
\dspbrk@lvl=\count275
\tag@help=\toks43
\row@=\count276
\column@=\count277
\maxfields@=\count278
\andhelp@=\toks44
\eqnshift@=\dimen262
\alignsep@=\dimen263
\tagshift@=\dimen264
\tagwidth@=\dimen265
\totwidth@=\dimen266
\lineht@=\dimen267
\@envbody=\toks45
\multlinegap=\skip67
\multlinetaggap=\skip68
\mathdisplay@stack=\toks46
LaTeX Info: Redefining \[ on input line 2735.
LaTeX Info: Redefining \] on input line 2736.
)
(/usr/share/texlive/texmf-dist/tex/latex/chemgreek/chemgreek.sty
(/usr/share/texlive/texmf-dist/tex/latex/l3packages/xparse/xparse.sty
Package: xparse 2016/01/19 v6377 L3 Experimental document command parser
\l__xparse_current_arg_int=\count279
\l__xparse_m_args_int=\count280
\l__xparse_mandatory_args_int=\count281
\l__xparse_processor_int=\count282
\l__xparse_v_nesting_int=\count283
)
Package: chemgreek 2016/02/10 v1.0e interfaceforuprightgreeklettersforuseinchem
istry (CN)
\l__chemgreek_tmpa_int=\count284
\g__chemgreek_tmpa_int=\count285
.................................................
. LaTeX info: "xparse/define-command"
. 
. Defining command \newchemgreekmapping with sig. 'O{}mm' on line 336.
.................................................
.................................................
. LaTeX info: "xparse/define-command"
. 
. Defining command \renewchemgreekmapping with sig. 'O{}mm' on line 339.
.................................................
.................................................
. LaTeX info: "xparse/define-command"
. 
. Defining command \declarechemgreekmapping with sig. 'O{}mm' on line 342.
.................................................
.................................................
. LaTeX info: "xparse/define-command"
. 
. Defining command \newchemgreekmappingalias with sig. 'mm' on line 347.
.................................................
.................................................
. LaTeX info: "xparse/define-command"
. 
. Defining command \renewchemgreekmappingalias with sig. 'mm' on line 350.
.................................................
.................................................
. LaTeX info: "xparse/define-command"
. 
. Defining command \declarechemgreekmappingalias with sig. 'mm' on line 353.
.................................................
.................................................
. LaTeX info: "xparse/define-command"
. 
. Defining command \changechemgreeksymbol with sig. 'mmmm' on line 383.
.................................................
.................................................
. LaTeX info: "xparse/define-command"
. 
. Defining command \chemgreekmappingsymbol with sig. 'mm' on line 477.
.................................................
.................................................
. LaTeX info: "xparse/define-command"
. 
. Defining command \activatechemgreekmapping with sig. 'sm' on line 486.
.................................................
.................................................
. LaTeX info: "xparse/define-command"
. 
. Defining command \selectchemgreekmapping with sig. 'm' on line 491.
.................................................
)
\l__mhchem_ce_distanceFromLastComma_int=\count286
\__mhchem_arrow_extPgfLength_skip=\skip69
\mhchem@minispace@tmp=\skip70
\mhchem@minibackspace@tmp=\skip71
\mhchem@bondwidth=\skip72
\mhchem@bondheight=\skip73
\mhchem@smallbondwidth@tmpA=\skip74
\mhchem@smallbondwidth@tmpB=\skip75
\mhchem@smallbondwidth=\skip76
\mhchem@bondtmp@minussidebearingleft=\skip77
\mhchem@bondtmp@minussidebearingright=\skip78
\l__mhchem_option_version_int=\count287
\mhchem@option@minusmathsidebearingleft=\dimen268
\mhchem@option@minusmathsidebearingright=\dimen269
\mhchem@option@minustextsidebearingleft=\dimen270
\mhchem@option@minustextsidebearingright=\dimen271
)
(/usr/share/texlive/texmf-dist/tex/latex/base/fontenc.sty
Package: fontenc 2005/09/27 v1.99g Standard LaTeX package

(/usr/share/texlive/texmf-dist/tex/latex/base/t1enc.def
File: t1enc.def 2005/09/27 v1.99g Standard LaTeX file
LaTeX Font Info:    Redeclaring font encoding T1 on input line 48.
))
(/usr/share/texlive/texmf-dist/tex/latex/subfig/subfig.sty
Package: subfig 2005/06/28 ver: 1.3 subfig package
\c@KVtest=\count288
\sf@farskip=\skip79
\sf@captopadj=\dimen272
\sf@capskip=\skip80
\sf@nearskip=\skip81
\c@subfigure=\count289
\c@subfigure@save=\count290
\c@lofdepth=\count291
\c@subtable=\count292
\c@subtable@save=\count293
\c@lotdepth=\count294
\sf@top=\skip82
\sf@bottom=\skip83
)
(/usr/share/texlive/texmf-dist/tex/latex/tools/xr.sty
Package: xr 1994/05/28 v5.02 eXternal References (DPC)
)
Package xr Info: IMPORTING LABELS FROM SI.aux on input line 37.
Package xr Info: IMPORTING LABELS FROM latent_space_of_cages.aux on input line 
44.

(/usr/share/texlive/texmf-dist/tex/latex/chngcntr/chngcntr.sty
Package: chngcntr 2009/09/02 v1.0a change counter resetting
)
(/usr/share/texlive/texmf-dist/tex/generic/oberdiek/alphalph.sty
Package: alphalph 2011/05/13 v2.4 Convert numbers to letters (HO)

(/usr/share/texlive/texmf-dist/tex/generic/oberdiek/intcalc.sty
Package: intcalc 2007/09/27 v1.1 Expandable calculations with integers (HO)
)) (./SI.aux

LaTeX Warning: Label `fig:pywindow_descriptors_distn' multiply defined.


LaTeX Warning: Label `sec:alignment_details' multiply defined.


LaTeX Warning: Label `eq:I_SO3' multiply defined.


LaTeX Warning: Label `fig:SO3' multiply defined.


LaTeX Warning: Label `fig:misaligned' multiply defined.


LaTeX Warning: Label `fig:moments_of_inertia' multiply defined.


LaTeX Warning: Label `fig:data_matrix' multiply defined.


LaTeX Warning: Label `fig:distn_of_svs' multiply defined.


LaTeX Warning: Label `fig:relative_err_with_svs' multiply defined.


LaTeX Warning: Label `fig:latent_space2' multiply defined.


LaTeX Warning: Label `sec:henrydetails' multiply defined.


LaTeX Warning: Label `eq:K' multiply defined.


LaTeX Warning: Label `fig:expt_sim_compare' multiply defined.


LaTeX Warning: Label `fig:first_component_captures_pore_diameter' multiply defi
ned.


LaTeX Warning: Label `fig:cage_space_colored_by_diams_2D' multiply defined.


LaTeX Warning: Label `fig:cage_space_colored_by_nb_windows' multiply defined.


LaTeX Warning: Label `fig:allcagesdetailed' multiply defined.


LaTeX Warning: Label `fig:window_diameter_hist' multiply defined.


LaTeX Warning: Label `eq:pca' multiply defined.


LaTeX Warning: Label `fig:pca_space_with_flex' multiply defined.


LaTeX Warning: Label `fig:energy_vs_dist' multiply defined.

)
\openout1 = `SI.aux'.

LaTeX Font Info:    Checking defaults for OML/cmm/m/it on input line 151.
LaTeX Font Info:    ... okay on input line 151.
LaTeX Font Info:    Checking defaults for T1/cmr/m/n on input line 151.
LaTeX Font Info:    ... okay on input line 151.
LaTeX Font Info:    Checking defaults for OT1/cmr/m/n on input line 151.
LaTeX Font Info:    ... okay on input line 151.
LaTeX Font Info:    Checking defaults for OMS/cmsy/m/n on input line 151.
LaTeX Font Info:    ... okay on input line 151.
LaTeX Font Info:    Checking defaults for OMX/cmex/m/n on input line 151.
LaTeX Font Info:    ... okay on input line 151.
LaTeX Font Info:    Checking defaults for U/cmr/m/n on input line 151.
LaTeX Font Info:    ... okay on input line 151.
\openout3 = `acs-SI.bib'.


*geometry* driver: auto-detecting
*geometry* detected driver: pdftex
*geometry* verbose mode - [ preamble ] result:
* driver: pdftex
* paper: <default>
* layout: <same size as paper>
* layoutoffset:(h,v)=(0.0pt,0.0pt)
* modes: 
* h-part:(L,W,R)=(72.2698pt, 469.75539pt, 72.2698pt)
* v-part:(T,H,B)=(72.2698pt, 650.43037pt, 72.2698pt)
* \paperwidth=614.295pt
* \paperheight=794.96999pt
* \textwidth=469.75539pt
* \textheight=650.43037pt
* \oddsidemargin=-0.00018pt
* \evensidemargin=-0.00018pt
* \topmargin=-37.00018pt
* \headheight=12.0pt
* \headsep=25.0pt
* \topskip=12.0pt
* \footskip=30.0pt
* \marginparwidth=44.0pt
* \marginparsep=10.0pt
* \columnsep=10.0pt
* \skip\footins=10.8pt plus 4.0pt minus 2.0pt
* \hoffset=0.0pt
* \voffset=0.0pt
* \mag=1000
* \@twocolumnfalse
* \@twosidefalse
* \@mparswitchfalse
* \@reversemarginfalse
* (1in=72.27pt=25.4mm, 1cm=28.453pt)

Package caption Info: Begin \AtBeginDocument code.
Package caption Info: subfig package v1.3 is loaded.
Package caption Info: float package is loaded.
Package caption Info: wrapfig package is loaded.
Package caption Info: End \AtBeginDocument code.
(/usr/share/texlive/texmf-dist/tex/context/base/supp-pdf.mkii
[Loading MPS to PDF converter (version 2006.09.02).]
\scratchcounter=\count295
\scratchdimen=\dimen273
\scratchbox=\box57
\nofMPsegments=\count296
\nofMParguments=\count297
\everyMPshowfont=\toks47
\MPscratchCnt=\count298
\MPscratchDim=\dimen274
\MPnumerator=\count299
\makeMPintoPDFobject=\count300
\everyMPtoPDFconversion=\toks48
) (/usr/share/texlive/texmf-dist/tex/generic/oberdiek/pdftexcmds.sty
Package: pdftexcmds 2011/11/29 v0.20 Utility functions of pdfTeX for LuaTeX (HO
)

(/usr/share/texlive/texmf-dist/tex/generic/oberdiek/ifluatex.sty
Package: ifluatex 2010/03/01 v1.3 Provides the ifluatex switch (HO)
Package ifluatex Info: LuaTeX not detected.
)
Package pdftexcmds Info: LuaTeX not detected.
Package pdftexcmds Info: \pdf@primitive is available.
Package pdftexcmds Info: \pdf@ifprimitive is available.
Package pdftexcmds Info: \pdfdraftmode found.
)
(/usr/share/texlive/texmf-dist/tex/latex/oberdiek/epstopdf-base.sty
Package: epstopdf-base 2010/02/09 v2.5 Base part for package epstopdf

(/usr/share/texlive/texmf-dist/tex/latex/oberdiek/grfext.sty
Package: grfext 2010/08/19 v1.1 Manage graphics extensions (HO)

(/usr/share/texlive/texmf-dist/tex/generic/oberdiek/kvdefinekeys.sty
Package: kvdefinekeys 2011/04/07 v1.3 Define keys (HO)
))
(/usr/share/texlive/texmf-dist/tex/latex/oberdiek/kvoptions.sty
Package: kvoptions 2011/06/30 v3.11 Key value format for package options (HO)

(/usr/share/texlive/texmf-dist/tex/generic/oberdiek/kvsetkeys.sty
Package: kvsetkeys 2012/04/25 v1.16 Key value parser (HO)

(/usr/share/texlive/texmf-dist/tex/generic/oberdiek/etexcmds.sty
Package: etexcmds 2011/02/16 v1.5 Avoid name clashes with e-TeX commands (HO)
Package etexcmds Info: Could not find \expanded.
(etexcmds)             That can mean that you are not using pdfTeX 1.50 or
(etexcmds)             that some package has redefined \expanded.
(etexcmds)             In the latter case, load this package earlier.
)))
Package grfext Info: Graphics extension search list:
(grfext)             [.png,.pdf,.jpg,.mps,.jpeg,.jbig2,.jb2,.PNG,.PDF,.JPG,.JPE
G,.JBIG2,.JB2,.eps]
(grfext)             \AppendGraphicsExtensions on input line 452.

(/usr/share/texlive/texmf-dist/tex/latex/latexconfig/epstopdf-sys.cfg
File: epstopdf-sys.cfg 2010/07/13 v1.3 Configuration of (r)epstopdf for TeX Liv
e
))
ABD: EveryShipout initializing macros
.................................................
. chemgreek info: "mapping-activated"
. 
. Activating mapping `default' on line 151.
.................................................
LaTeX Font Info:    Try loading font information for T1+cmss on input line 151.


(/usr/share/texlive/texmf-dist/tex/latex/base/t1cmss.fd
File: t1cmss.fd 2014/09/29 v2.5h Standard LaTeX font definitions
)
LaTeX Font Info:    Try loading font information for U+msa on input line 151.

(/usr/share/texlive/texmf-dist/tex/latex/amsfonts/umsa.fd
File: umsa.fd 2013/01/14 v3.01 AMS symbols A
)
LaTeX Font Info:    Try loading font information for U+msb on input line 151.

(/usr/share/texlive/texmf-dist/tex/latex/amsfonts/umsb.fd
File: umsb.fd 2013/01/14 v3.01 AMS symbols B
)
<../pywindow_descriptors_distn.png, id=4, 462.528pt x 346.896pt>
File: ../pywindow_descriptors_distn.png Graphic file (type png)

<use ../pywindow_descriptors_distn.png>
Package pdftex.def Info: ../pywindow_descriptors_distn.png used on input line 1
94.
(pdftex.def)             Requested size: 305.33812pt x 229.01558pt.
LaTeX Font Info:    Try loading font information for T1+cmtt on input line 196.


(/usr/share/texlive/texmf-dist/tex/latex/base/t1cmtt.fd
File: t1cmtt.fd 2014/09/29 v2.5h Standard LaTeX font definitions
) [1

{/var/lib/texmf/fonts/map/pdftex/updmap/pdftex.map} <../pywindow_descriptors_di
stn.png>] [2

]
<../principal_axes_rotation_failure/SO3_axes_marked.png, id=33, 2489.3pt x 2511
.3825pt>
File: ../principal_axes_rotation_failure/SO3_axes_marked.png Graphic file (type
 png)
 <use ../principal_axes_rotation_failure/SO3_axes_marked.png>
Package pdftex.def Info: ../principal_axes_rotation_failure/SO3_axes_marked.png
 used on input line 220.
(pdftex.def)             Requested size: 140.92804pt x 142.16928pt.
 [3 <../principal_axes_rotation_failure/SO3_axes_marked.png>]
<../all_cages/CC3_final_alignment.png, id=37, 2055.68pt x 2055.68pt>
File: ../all_cages/CC3_final_alignment.png Graphic file (type png)

<use ../all_cages/CC3_final_alignment.png>
Package pdftex.def Info: ../all_cages/CC3_final_alignment.png used on input lin
e 232.
(pdftex.def)             Requested size: 211.38849pt x 211.38295pt.

<../all_cages/CC1_final_alignment.png, id=38, 2055.68pt x 2055.68pt>
File: ../all_cages/CC1_final_alignment.png Graphic file (type png)

<use ../all_cages/CC1_final_alignment.png>
Package pdftex.def Info: ../all_cages/CC1_final_alignment.png used on input lin
e 233.
(pdftex.def)             Requested size: 211.38849pt x 211.38295pt.

<../all_cages/B6_final_alignment.png, id=39, 2055.68pt x 2055.68pt>
File: ../all_cages/B6_final_alignment.png Graphic file (type png)

<use ../all_cages/B6_final_alignment.png>
Package pdftex.def Info: ../all_cages/B6_final_alignment.png used on input line
 234.
(pdftex.def)             Requested size: 211.38849pt x 211.38295pt.

<../all_cages/B8_final_alignment.png, id=40, 2055.68pt x 2055.68pt>
File: ../all_cages/B8_final_alignment.png Graphic file (type png)

<use ../all_cages/B8_final_alignment.png>
Package pdftex.def Info: ../all_cages/B8_final_alignment.png used on input line
 235.
(pdftex.def)             Requested size: 211.38849pt x 211.38295pt.

<../moments_of_inertia.pdf, id=41, 1445.4pt x 1445.4pt>
File: ../moments_of_inertia.pdf Graphic file (type pdf)

<use ../moments_of_inertia.pdf>
Package pdftex.def Info: ../moments_of_inertia.pdf used on input line 245.
(pdftex.def)             Requested size: 469.75539pt x 469.74944pt.
 [4] [5 <../all_cages/CC3_final_alignment.png (PNG copy)> <../all_cages/CC1_fin
al_alignment.png (PNG copy)> <../all_cages/B6_final_alignment.png (PNG copy)> <
../all_cages/B8_final_alignment.png (PNG copy)>] [6 <../moments_of_inertia.pdf>
]
<../data_matrix_viz.png, id=107, 931.0785pt x 41.9166pt>
File: ../data_matrix_viz.png Graphic file (type png)

<use ../data_matrix_viz.png>
Package pdftex.def Info: ../data_matrix_viz.png used on input line 262.
(pdftex.def)             Requested size: 469.75539pt x 21.1482pt.
 [7 <../data_matrix_viz.png>]
<../distn_of_svs.png, id=113, 462.528pt x 346.896pt>
File: ../distn_of_svs.png Graphic file (type png)
 <use ../distn_of_svs.png>
Package pdftex.def Info: ../distn_of_svs.png used on input line 274.
(pdftex.def)             Requested size: 305.33812pt x 229.01558pt.

[8

 <../distn_of_svs.png>]
<../relative_err_with_svs.png, id=118, 462.528pt x 346.896pt>
File: ../relative_err_with_svs.png Graphic file (type png)

<use ../relative_err_with_svs.png>
Package pdftex.def Info: ../relative_err_with_svs.png used on input line 286.
(pdftex.def)             Requested size: 305.33812pt x 229.01558pt.
 [9

 <../relative_err_with_svs.png>]
<../latent_cage_space_2D_marked_SI.png, id=123, 2446.64063pt x 2559.5625pt>
File: ../latent_cage_space_2D_marked_SI.png Graphic file (type png)

<use ../latent_cage_space_2D_marked_SI.png>
Package pdftex.def Info: ../latent_cage_space_2D_marked_SI.png used on input li
ne 298.
(pdftex.def)             Requested size: 422.77698pt x 442.26707pt.
 [10

 <../latent_cage_space_2D_marked_SI.png>] [11

]
<../noria_expt_sim_comparison.png, id=131, 462.528pt x 346.896pt>
File: ../noria_expt_sim_comparison.png Graphic file (type png)

<use ../noria_expt_sim_comparison.png>
Package pdftex.def Info: ../noria_expt_sim_comparison.png used on input line 32
9.
(pdftex.def)             Requested size: 187.89928pt x 140.92615pt.

<../CC3_expt_sim_comparison.png, id=132, 462.528pt x 346.896pt>
File: ../CC3_expt_sim_comparison.png Graphic file (type png)

<use ../CC3_expt_sim_comparison.png>
Package pdftex.def Info: ../CC3_expt_sim_comparison.png used on input line 330.

(pdftex.def)             Requested size: 187.89928pt x 140.92615pt.
 [12 <../noria_expt_sim_comparison.png> <../CC3_expt_sim_comparison.png>]
Overfull \hbox (10.66805pt too wide) in paragraph at lines 338--338
[]\T1/cmr/bx/n/17.28 Relationship of la-tent rep-re-sen-ta-tion and cage molecu
le
 []


<../first_component_captures_pore_diameter.pdf, id=138, 462.52798pt x 346.89601
pt>
File: ../first_component_captures_pore_diameter.pdf Graphic file (type pdf)
 <use ../first_component_captures_pore_diameter.pdf>
Package pdftex.def Info: ../first_component_captures_pore_diameter.pdf used on 
input line 344.
(pdftex.def)             Requested size: 422.77698pt x 317.09973pt.

<../cage_space_colored_by_diams_2D.png, id=139, 578.16pt x 505.89pt>
File: ../cage_space_colored_by_diams_2D.png Graphic file (type png)

<use ../cage_space_colored_by_diams_2D.png>
Package pdftex.def Info: ../cage_space_colored_by_diams_2D.png used on input li
ne 352.
(pdftex.def)             Requested size: 469.75539pt x 411.0346pt.
 [13

 <../first_component_captures_pore_diameter.pdf>] [14 <../cage_space_colored_by
_diams_2D.png>]
<../cage_space_colored_by_nb_windows.png, id=184, 578.16pt x 505.89pt>
File: ../cage_space_colored_by_nb_windows.png Graphic file (type png)

<use ../cage_space_colored_by_nb_windows.png>
Package pdftex.def Info: ../cage_space_colored_by_nb_windows.png used on input 
line 364.
(pdftex.def)             Requested size: 469.75539pt x 411.0346pt.
 [15

 <../cage_space_colored_by_nb_windows.png>] (../all_cages/latex_code_for_viz.te
x
<../all_cages/A11_final_alignment.png, id=189, 2055.68pt x 2055.68pt>
File: ../all_cages/A11_final_alignment.png Graphic file (type png)

<use ../all_cages/A11_final_alignment.png>
Package pdftex.def Info: ../all_cages/A11_final_alignment.png used on input lin
e 3.
(pdftex.def)             Requested size: 117.43884pt x 117.43846pt.

<../all_cages/B11_final_alignment.png, id=190, 2055.68pt x 2055.68pt>
File: ../all_cages/B11_final_alignment.png Graphic file (type png)

<use ../all_cages/B11_final_alignment.png>
Package pdftex.def Info: ../all_cages/B11_final_alignment.png used on input lin
e 4.
(pdftex.def)             Requested size: 117.43884pt x 117.43846pt.

<../all_cages/B13_final_alignment.png, id=191, 2055.68pt x 2055.68pt>
File: ../all_cages/B13_final_alignment.png Graphic file (type png)

<use ../all_cages/B13_final_alignment.png>
Package pdftex.def Info: ../all_cages/B13_final_alignment.png used on input lin
e 5.
(pdftex.def)             Requested size: 117.43884pt x 117.43846pt.

<../all_cages/B15_final_alignment.png, id=192, 2055.68pt x 2055.68pt>
File: ../all_cages/B15_final_alignment.png Graphic file (type png)

<use ../all_cages/B15_final_alignment.png>
Package pdftex.def Info: ../all_cages/B15_final_alignment.png used on input lin
e 7.
(pdftex.def)             Requested size: 117.43884pt x 117.43846pt.

<../all_cages/B18_final_alignment.png, id=193, 2055.68pt x 2055.68pt>
File: ../all_cages/B18_final_alignment.png Graphic file (type png)

<use ../all_cages/B18_final_alignment.png>
Package pdftex.def Info: ../all_cages/B18_final_alignment.png used on input lin
e 8.
(pdftex.def)             Requested size: 117.43884pt x 117.43846pt.

<../all_cages/B1_final_alignment.png, id=194, 2055.68pt x 2055.68pt>
File: ../all_cages/B1_final_alignment.png Graphic file (type png)

<use ../all_cages/B1_final_alignment.png>
Package pdftex.def Info: ../all_cages/B1_final_alignment.png used on input line
 9.
(pdftex.def)             Requested size: 117.43884pt x 117.43846pt.

<../all_cages/B23_final_alignment.png, id=195, 2055.68pt x 2055.68pt>
File: ../all_cages/B23_final_alignment.png Graphic file (type png)

<use ../all_cages/B23_final_alignment.png>
Package pdftex.def Info: ../all_cages/B23_final_alignment.png used on input lin
e 11.
(pdftex.def)             Requested size: 117.43884pt x 117.43846pt.

<../all_cages/B24_final_alignment.png, id=196, 2055.68pt x 2055.68pt>
File: ../all_cages/B24_final_alignment.png Graphic file (type png)

<use ../all_cages/B24_final_alignment.png>
Package pdftex.def Info: ../all_cages/B24_final_alignment.png used on input lin
e 12.
(pdftex.def)             Requested size: 117.43884pt x 117.43846pt.

<../all_cages/B25_final_alignment.png, id=197, 2055.68pt x 2055.68pt>
File: ../all_cages/B25_final_alignment.png Graphic file (type png)

<use ../all_cages/B25_final_alignment.png>
Package pdftex.def Info: ../all_cages/B25_final_alignment.png used on input lin
e 13.
(pdftex.def)             Requested size: 117.43884pt x 117.43846pt.

<../all_cages/B26_final_alignment.png, id=198, 2055.68pt x 2055.68pt>
File: ../all_cages/B26_final_alignment.png Graphic file (type png)

<use ../all_cages/B26_final_alignment.png>
Package pdftex.def Info: ../all_cages/B26_final_alignment.png used on input lin
e 15.
(pdftex.def)             Requested size: 117.43884pt x 117.43846pt.

<../all_cages/B2_final_alignment.png, id=199, 2055.68pt x 2055.68pt>
File: ../all_cages/B2_final_alignment.png Graphic file (type png)

<use ../all_cages/B2_final_alignment.png>
Package pdftex.def Info: ../all_cages/B2_final_alignment.png used on input line
 16.
(pdftex.def)             Requested size: 117.43884pt x 117.43846pt.

<../all_cages/B4_final_alignment.png, id=200, 2055.68pt x 2055.68pt>
File: ../all_cages/B4_final_alignment.png Graphic file (type png)

<use ../all_cages/B4_final_alignment.png>
Package pdftex.def Info: ../all_cages/B4_final_alignment.png used on input line
 17.
(pdftex.def)             Requested size: 117.43884pt x 117.43846pt.

<../all_cages/B5_final_alignment.png, id=201, 2055.68pt x 2055.68pt>
File: ../all_cages/B5_final_alignment.png Graphic file (type png)

<use ../all_cages/B5_final_alignment.png>
Package pdftex.def Info: ../all_cages/B5_final_alignment.png used on input line
 21.
(pdftex.def)             Requested size: 117.43884pt x 117.43846pt.
File: ../all_cages/B6_final_alignment.png Graphic file (type png)

<use ../all_cages/B6_final_alignment.png>
Package pdftex.def Info: ../all_cages/B6_final_alignment.png used on input line
 22.
(pdftex.def)             Requested size: 117.43884pt x 117.43846pt.
File: ../all_cages/B8_final_alignment.png Graphic file (type png)

<use ../all_cages/B8_final_alignment.png>
Package pdftex.def Info: ../all_cages/B8_final_alignment.png used on input line
 23.
(pdftex.def)             Requested size: 117.43884pt x 117.43846pt.

<../all_cages/B9_final_alignment.png, id=202, 2055.68pt x 2055.68pt>
File: ../all_cages/B9_final_alignment.png Graphic file (type png)

<use ../all_cages/B9_final_alignment.png>
Package pdftex.def Info: ../all_cages/B9_final_alignment.png used on input line
 25.
(pdftex.def)             Requested size: 117.43884pt x 117.43846pt.

<../all_cages/C11_final_alignment.png, id=203, 2055.68pt x 2055.68pt>
File: ../all_cages/C11_final_alignment.png Graphic file (type png)

<use ../all_cages/C11_final_alignment.png>
Package pdftex.def Info: ../all_cages/C11_final_alignment.png used on input lin
e 26.
(pdftex.def)             Requested size: 117.43884pt x 117.43846pt.

<../all_cages/C13_final_alignment.png, id=204, 2055.68pt x 2055.68pt>
File: ../all_cages/C13_final_alignment.png Graphic file (type png)

<use ../all_cages/C13_final_alignment.png>
Package pdftex.def Info: ../all_cages/C13_final_alignment.png used on input lin
e 27.
(pdftex.def)             Requested size: 117.43884pt x 117.43846pt.

<../all_cages/C15_final_alignment.png, id=205, 2055.68pt x 2055.68pt>
File: ../all_cages/C15_final_alignment.png Graphic file (type png)

<use ../all_cages/C15_final_alignment.png>
Package pdftex.def Info: ../all_cages/C15_final_alignment.png used on input lin
e 29.
(pdftex.def)             Requested size: 117.43884pt x 117.43846pt.

<../all_cages/C18_final_alignment.png, id=206, 2055.68pt x 2055.68pt>
File: ../all_cages/C18_final_alignment.png Graphic file (type png)

<use ../all_cages/C18_final_alignment.png>
Package pdftex.def Info: ../all_cages/C18_final_alignment.png used on input lin
e 30.
(pdftex.def)             Requested size: 117.43884pt x 117.43846pt.

<../all_cages/C1_final_alignment.png, id=207, 2055.68pt x 2055.68pt>
File: ../all_cages/C1_final_alignment.png Graphic file (type png)

<use ../all_cages/C1_final_alignment.png>
Package pdftex.def Info: ../all_cages/C1_final_alignment.png used on input line
 31.
(pdftex.def)             Requested size: 117.43884pt x 117.43846pt.

<../all_cages/C20_final_alignment.png, id=208, 2055.68pt x 2055.68pt>
File: ../all_cages/C20_final_alignment.png Graphic file (type png)

<use ../all_cages/C20_final_alignment.png>
Package pdftex.def Info: ../all_cages/C20_final_alignment.png used on input lin
e 33.
(pdftex.def)             Requested size: 117.43884pt x 117.43846pt.

<../all_cages/C21_final_alignment.png, id=209, 2055.68pt x 2055.68pt>
File: ../all_cages/C21_final_alignment.png Graphic file (type png)

<use ../all_cages/C21_final_alignment.png>
Package pdftex.def Info: ../all_cages/C21_final_alignment.png used on input lin
e 34.
(pdftex.def)             Requested size: 117.43884pt x 117.43846pt.

<../all_cages/C23_final_alignment.png, id=210, 2055.68pt x 2055.68pt>
File: ../all_cages/C23_final_alignment.png Graphic file (type png)

<use ../all_cages/C23_final_alignment.png>
Package pdftex.def Info: ../all_cages/C23_final_alignment.png used on input lin
e 35.
(pdftex.def)             Requested size: 117.43884pt x 117.43846pt.

<../all_cages/C24_final_alignment.png, id=211, 2055.68pt x 2055.68pt>
File: ../all_cages/C24_final_alignment.png Graphic file (type png)

<use ../all_cages/C24_final_alignment.png>
Package pdftex.def Info: ../all_cages/C24_final_alignment.png used on input lin
e 39.
(pdftex.def)             Requested size: 117.43884pt x 117.43846pt.

<../all_cages/C25_final_alignment.png, id=212, 2055.68pt x 2055.68pt>
File: ../all_cages/C25_final_alignment.png Graphic file (type png)

<use ../all_cages/C25_final_alignment.png>
Package pdftex.def Info: ../all_cages/C25_final_alignment.png used on input lin
e 40.
(pdftex.def)             Requested size: 117.43884pt x 117.43846pt.

<../all_cages/C26_final_alignment.png, id=213, 2055.68pt x 2055.68pt>
File: ../all_cages/C26_final_alignment.png Graphic file (type png)

<use ../all_cages/C26_final_alignment.png>
Package pdftex.def Info: ../all_cages/C26_final_alignment.png used on input lin
e 41.
(pdftex.def)             Requested size: 117.43884pt x 117.43846pt.

<../all_cages/C2_final_alignment.png, id=214, 2055.68pt x 2055.68pt>
File: ../all_cages/C2_final_alignment.png Graphic file (type png)

<use ../all_cages/C2_final_alignment.png>
Package pdftex.def Info: ../all_cages/C2_final_alignment.png used on input line
 43.
(pdftex.def)             Requested size: 117.43884pt x 117.43846pt.

<../all_cages/C4_final_alignment.png, id=215, 2055.68pt x 2055.68pt>
File: ../all_cages/C4_final_alignment.png Graphic file (type png)

<use ../all_cages/C4_final_alignment.png>
Package pdftex.def Info: ../all_cages/C4_final_alignment.png used on input line
 44.
(pdftex.def)             Requested size: 117.43884pt x 117.43846pt.

<../all_cages/C5_final_alignment.png, id=216, 2055.68pt x 2055.68pt>
File: ../all_cages/C5_final_alignment.png Graphic file (type png)

<use ../all_cages/C5_final_alignment.png>
Package pdftex.def Info: ../all_cages/C5_final_alignment.png used on input line
 45.
(pdftex.def)             Requested size: 117.43884pt x 117.43846pt.

<../all_cages/C6_final_alignment.png, id=217, 2055.68pt x 2055.68pt>
File: ../all_cages/C6_final_alignment.png Graphic file (type png)

<use ../all_cages/C6_final_alignment.png>
Package pdftex.def Info: ../all_cages/C6_final_alignment.png used on input line
 47.
(pdftex.def)             Requested size: 117.43884pt x 117.43846pt.

<../all_cages/C8_final_alignment.png, id=218, 2055.68pt x 2055.68pt>
File: ../all_cages/C8_final_alignment.png Graphic file (type png)

<use ../all_cages/C8_final_alignment.png>
Package pdftex.def Info: ../all_cages/C8_final_alignment.png used on input line
 48.
(pdftex.def)             Requested size: 117.43884pt x 117.43846pt.

<../all_cages/C9_final_alignment.png, id=219, 2055.68pt x 2055.68pt>
File: ../all_cages/C9_final_alignment.png Graphic file (type png)

<use ../all_cages/C9_final_alignment.png>
Package pdftex.def Info: ../all_cages/C9_final_alignment.png used on input line
 49.
(pdftex.def)             Requested size: 117.43884pt x 117.43846pt.

<../all_cages/CB5_final_alignment.png, id=220, 2055.68pt x 2055.68pt>
File: ../all_cages/CB5_final_alignment.png Graphic file (type png)

<use ../all_cages/CB5_final_alignment.png>
Package pdftex.def Info: ../all_cages/CB5_final_alignment.png used on input lin
e 51.
(pdftex.def)             Requested size: 117.43884pt x 117.43846pt.

<../all_cages/CB6_final_alignment.png, id=221, 2055.68pt x 2055.68pt>
File: ../all_cages/CB6_final_alignment.png Graphic file (type png)

<use ../all_cages/CB6_final_alignment.png>
Package pdftex.def Info: ../all_cages/CB6_final_alignment.png used on input lin
e 52.
(pdftex.def)             Requested size: 117.43884pt x 117.43846pt.

<../all_cages/CB7_final_alignment.png, id=222, 2055.68pt x 2055.68pt>
File: ../all_cages/CB7_final_alignment.png Graphic file (type png)

<use ../all_cages/CB7_final_alignment.png>
Package pdftex.def Info: ../all_cages/CB7_final_alignment.png used on input lin
e 53.
(pdftex.def)             Requested size: 117.43884pt x 117.43846pt.

<../all_cages/CC10_final_alignment.png, id=223, 2055.68pt x 2055.68pt>
File: ../all_cages/CC10_final_alignment.png Graphic file (type png)

<use ../all_cages/CC10_final_alignment.png>
Package pdftex.def Info: ../all_cages/CC10_final_alignment.png used on input li
ne 57.
(pdftex.def)             Requested size: 117.43884pt x 117.43846pt.
File: ../all_cages/CC1_final_alignment.png Graphic file (type png)

<use ../all_cages/CC1_final_alignment.png>
Package pdftex.def Info: ../all_cages/CC1_final_alignment.png used on input lin
e 58.
(pdftex.def)             Requested size: 117.43884pt x 117.43846pt.

<../all_cages/CC2_final_alignment.png, id=224, 2055.68pt x 2055.68pt>
File: ../all_cages/CC2_final_alignment.png Graphic file (type png)

<use ../all_cages/CC2_final_alignment.png>
Package pdftex.def Info: ../all_cages/CC2_final_alignment.png used on input lin
e 59.
(pdftex.def)             Requested size: 117.43884pt x 117.43846pt.
File: ../all_cages/CC3_final_alignment.png Graphic file (type png)

<use ../all_cages/CC3_final_alignment.png>
Package pdftex.def Info: ../all_cages/CC3_final_alignment.png used on input lin
e 61.
(pdftex.def)             Requested size: 117.43884pt x 117.43846pt.

<../all_cages/CC4_final_alignment.png, id=225, 2055.68pt x 2055.68pt>
File: ../all_cages/CC4_final_alignment.png Graphic file (type png)

<use ../all_cages/CC4_final_alignment.png>
Package pdftex.def Info: ../all_cages/CC4_final_alignment.png used on input lin
e 62.
(pdftex.def)             Requested size: 117.43884pt x 117.43846pt.

<../all_cages/CC5_final_alignment.png, id=226, 2055.68pt x 2055.68pt>
File: ../all_cages/CC5_final_alignment.png Graphic file (type png)

<use ../all_cages/CC5_final_alignment.png>
Package pdftex.def Info: ../all_cages/CC5_final_alignment.png used on input lin
e 63.
(pdftex.def)             Requested size: 117.43884pt x 117.43846pt.

<../all_cages/CC9_final_alignment.png, id=227, 2055.68pt x 2055.68pt>
File: ../all_cages/CC9_final_alignment.png Graphic file (type png)

<use ../all_cages/CC9_final_alignment.png>
Package pdftex.def Info: ../all_cages/CC9_final_alignment.png used on input lin
e 65.
(pdftex.def)             Requested size: 117.43884pt x 117.43846pt.

<../all_cages/CD1_final_alignment.png, id=228, 2055.68pt x 2055.68pt>
File: ../all_cages/CD1_final_alignment.png Graphic file (type png)

<use ../all_cages/CD1_final_alignment.png>
Package pdftex.def Info: ../all_cages/CD1_final_alignment.png used on input lin
e 66.
(pdftex.def)             Requested size: 117.43884pt x 117.43846pt.

<../all_cages/CD2_final_alignment.png, id=229, 2055.68pt x 2055.68pt>
File: ../all_cages/CD2_final_alignment.png Graphic file (type png)

<use ../all_cages/CD2_final_alignment.png>
Package pdftex.def Info: ../all_cages/CD2_final_alignment.png used on input lin
e 67.
(pdftex.def)             Requested size: 117.43884pt x 117.43846pt.

<../all_cages/CD3_final_alignment.png, id=230, 2055.68pt x 2055.68pt>
File: ../all_cages/CD3_final_alignment.png Graphic file (type png)

<use ../all_cages/CD3_final_alignment.png>
Package pdftex.def Info: ../all_cages/CD3_final_alignment.png used on input lin
e 69.
(pdftex.def)             Requested size: 117.43884pt x 117.43846pt.

<../all_cages/CP1_final_alignment.png, id=231, 2055.68pt x 2055.68pt>
File: ../all_cages/CP1_final_alignment.png Graphic file (type png)

<use ../all_cages/CP1_final_alignment.png>
Package pdftex.def Info: ../all_cages/CP1_final_alignment.png used on input lin
e 70.
(pdftex.def)             Requested size: 117.43884pt x 117.43846pt.

<../all_cages/CP3_final_alignment.png, id=232, 2055.68pt x 2055.68pt>
File: ../all_cages/CP3_final_alignment.png Graphic file (type png)

<use ../all_cages/CP3_final_alignment.png>
Package pdftex.def Info: ../all_cages/CP3_final_alignment.png used on input lin
e 71.
(pdftex.def)             Requested size: 117.43884pt x 117.43846pt.

<../all_cages/CP4_final_alignment.png, id=233, 2055.68pt x 2055.68pt>
File: ../all_cages/CP4_final_alignment.png Graphic file (type png)

<use ../all_cages/CP4_final_alignment.png>
Package pdftex.def Info: ../all_cages/CP4_final_alignment.png used on input lin
e 75.
(pdftex.def)             Requested size: 117.43884pt x 117.43846pt.

<../all_cages/CP5_final_alignment.png, id=234, 2055.68pt x 2055.68pt>
File: ../all_cages/CP5_final_alignment.png Graphic file (type png)

<use ../all_cages/CP5_final_alignment.png>
Package pdftex.def Info: ../all_cages/CP5_final_alignment.png used on input lin
e 76.
(pdftex.def)             Requested size: 117.43884pt x 117.43846pt.

<../all_cages/DC1_final_alignment.png, id=235, 2055.68pt x 2055.68pt>
File: ../all_cages/DC1_final_alignment.png Graphic file (type png)

<use ../all_cages/DC1_final_alignment.png>
Package pdftex.def Info: ../all_cages/DC1_final_alignment.png used on input lin
e 77.
(pdftex.def)             Requested size: 117.43884pt x 117.43846pt.

<../all_cages/GC1_final_alignment.png, id=236, 2055.68pt x 2055.68pt>
File: ../all_cages/GC1_final_alignment.png Graphic file (type png)

<use ../all_cages/GC1_final_alignment.png>
Package pdftex.def Info: ../all_cages/GC1_final_alignment.png used on input lin
e 79.
(pdftex.def)             Requested size: 117.43884pt x 117.43846pt.

<../all_cages/HC1_final_alignment.png, id=237, 2055.68pt x 2055.68pt>
File: ../all_cages/HC1_final_alignment.png Graphic file (type png)

<use ../all_cages/HC1_final_alignment.png>
Package pdftex.def Info: ../all_cages/HC1_final_alignment.png used on input lin
e 80.
(pdftex.def)             Requested size: 117.43884pt x 117.43846pt.

<../all_cages/IC1_final_alignment.png, id=238, 2055.68pt x 2055.68pt>
File: ../all_cages/IC1_final_alignment.png Graphic file (type png)

<use ../all_cages/IC1_final_alignment.png>
Package pdftex.def Info: ../all_cages/IC1_final_alignment.png used on input lin
e 81.
(pdftex.def)             Requested size: 117.43884pt x 117.43846pt.

<../all_cages/IC2_final_alignment.png, id=239, 2055.68pt x 2055.68pt>
File: ../all_cages/IC2_final_alignment.png Graphic file (type png)

<use ../all_cages/IC2_final_alignment.png>
Package pdftex.def Info: ../all_cages/IC2_final_alignment.png used on input lin
e 83.
(pdftex.def)             Requested size: 117.43884pt x 117.43846pt.

<../all_cages/MC1_final_alignment.png, id=240, 2055.68pt x 2055.68pt>
File: ../all_cages/MC1_final_alignment.png Graphic file (type png)

<use ../all_cages/MC1_final_alignment.png>
Package pdftex.def Info: ../all_cages/MC1_final_alignment.png used on input lin
e 84.
(pdftex.def)             Requested size: 117.43884pt x 117.43846pt.

<../all_cages/MC2_final_alignment.png, id=241, 2055.68pt x 2055.68pt>
File: ../all_cages/MC2_final_alignment.png Graphic file (type png)

<use ../all_cages/MC2_final_alignment.png>
Package pdftex.def Info: ../all_cages/MC2_final_alignment.png used on input lin
e 85.
(pdftex.def)             Requested size: 117.43884pt x 117.43846pt.

<../all_cages/MC3_final_alignment.png, id=242, 2055.68pt x 2055.68pt>
File: ../all_cages/MC3_final_alignment.png Graphic file (type png)

<use ../all_cages/MC3_final_alignment.png>
Package pdftex.def Info: ../all_cages/MC3_final_alignment.png used on input lin
e 87.
(pdftex.def)             Requested size: 117.43884pt x 117.43846pt.

<../all_cages/MC4_final_alignment.png, id=243, 2055.68pt x 2055.68pt>
File: ../all_cages/MC4_final_alignment.png Graphic file (type png)

<use ../all_cages/MC4_final_alignment.png>
Package pdftex.def Info: ../all_cages/MC4_final_alignment.png used on input lin
e 88.
(pdftex.def)             Requested size: 117.43884pt x 117.43846pt.

<../all_cages/MC5_final_alignment.png, id=244, 2055.68pt x 2055.68pt>
File: ../all_cages/MC5_final_alignment.png Graphic file (type png)

<use ../all_cages/MC5_final_alignment.png>
Package pdftex.def Info: ../all_cages/MC5_final_alignment.png used on input lin
e 89.
(pdftex.def)             Requested size: 117.43884pt x 117.43846pt.

<../all_cages/MC6_final_alignment.png, id=245, 2055.68pt x 2055.68pt>
File: ../all_cages/MC6_final_alignment.png Graphic file (type png)

<use ../all_cages/MC6_final_alignment.png>
Package pdftex.def Info: ../all_cages/MC6_final_alignment.png used on input lin
e 93.
(pdftex.def)             Requested size: 117.43884pt x 117.43846pt.

<../all_cages/MC7_final_alignment.png, id=246, 2055.68pt x 2055.68pt>
File: ../all_cages/MC7_final_alignment.png Graphic file (type png)

<use ../all_cages/MC7_final_alignment.png>
Package pdftex.def Info: ../all_cages/MC7_final_alignment.png used on input lin
e 94.
(pdftex.def)             Requested size: 117.43884pt x 117.43846pt.

<../all_cages/NC1_final_alignment.png, id=247, 2055.68pt x 2055.68pt>
File: ../all_cages/NC1_final_alignment.png Graphic file (type png)

<use ../all_cages/NC1_final_alignment.png>
Package pdftex.def Info: ../all_cages/NC1_final_alignment.png used on input lin
e 95.
(pdftex.def)             Requested size: 117.43884pt x 117.43846pt.

<../all_cages/NC2_final_alignment.png, id=248, 2055.68pt x 2055.68pt>
File: ../all_cages/NC2_final_alignment.png Graphic file (type png)

<use ../all_cages/NC2_final_alignment.png>
Package pdftex.def Info: ../all_cages/NC2_final_alignment.png used on input lin
e 97.
(pdftex.def)             Requested size: 117.43884pt x 117.43846pt.

<../all_cages/RCC1a_final_alignment.png, id=249, 2055.68pt x 2055.68pt>
File: ../all_cages/RCC1a_final_alignment.png Graphic file (type png)

<use ../all_cages/RCC1a_final_alignment.png>
Package pdftex.def Info: ../all_cages/RCC1a_final_alignment.png used on input l
ine 98.
(pdftex.def)             Requested size: 117.43884pt x 117.43846pt.

<../all_cages/RCC1b_final_alignment.png, id=250, 2055.68pt x 2055.68pt>
File: ../all_cages/RCC1b_final_alignment.png Graphic file (type png)

<use ../all_cages/RCC1b_final_alignment.png>
Package pdftex.def Info: ../all_cages/RCC1b_final_alignment.png used on input l
ine 99.
(pdftex.def)             Requested size: 117.43884pt x 117.43846pt.

<../all_cages/RCC1c_final_alignment.png, id=251, 2055.68pt x 2055.68pt>
File: ../all_cages/RCC1c_final_alignment.png Graphic file (type png)

<use ../all_cages/RCC1c_final_alignment.png>
Package pdftex.def Info: ../all_cages/RCC1c_final_alignment.png used on input l
ine 101.
(pdftex.def)             Requested size: 117.43884pt x 117.43846pt.

<../all_cages/RCC1d_final_alignment.png, id=252, 2055.68pt x 2055.68pt>
File: ../all_cages/RCC1d_final_alignment.png Graphic file (type png)

<use ../all_cages/RCC1d_final_alignment.png>
Package pdftex.def Info: ../all_cages/RCC1d_final_alignment.png used on input l
ine 102.
(pdftex.def)             Requested size: 117.43884pt x 117.43846pt.

<../all_cages/RCC3a_final_alignment.png, id=253, 2055.68pt x 2055.68pt>
File: ../all_cages/RCC3a_final_alignment.png Graphic file (type png)

<use ../all_cages/RCC3a_final_alignment.png>
Package pdftex.def Info: ../all_cages/RCC3a_final_alignment.png used on input l
ine 103.
(pdftex.def)             Requested size: 117.43884pt x 117.43846pt.

<../all_cages/RCC3b_final_alignment.png, id=254, 2055.68pt x 2055.68pt>
File: ../all_cages/RCC3b_final_alignment.png Graphic file (type png)

<use ../all_cages/RCC3b_final_alignment.png>
Package pdftex.def Info: ../all_cages/RCC3b_final_alignment.png used on input l
ine 105.
(pdftex.def)             Requested size: 117.43884pt x 117.43846pt.

<../all_cages/WC1_final_alignment.png, id=255, 2055.68pt x 2055.68pt>
File: ../all_cages/WC1_final_alignment.png Graphic file (type png)

<use ../all_cages/WC1_final_alignment.png>
Package pdftex.def Info: ../all_cages/WC1_final_alignment.png used on input lin
e 106.
(pdftex.def)             Requested size: 117.43884pt x 117.43846pt.

<../all_cages/WC2_final_alignment.png, id=256, 2055.68pt x 2055.68pt>
File: ../all_cages/WC2_final_alignment.png Graphic file (type png)

<use ../all_cages/WC2_final_alignment.png>
Package pdftex.def Info: ../all_cages/WC2_final_alignment.png used on input lin
e 107.
(pdftex.def)             Requested size: 117.43884pt x 117.43846pt.

<../all_cages/WC3_final_alignment.png, id=257, 2055.68pt x 2055.68pt>
File: ../all_cages/WC3_final_alignment.png Graphic file (type png)

<use ../all_cages/WC3_final_alignment.png>
Package pdftex.def Info: ../all_cages/WC3_final_alignment.png used on input lin
e 111.
(pdftex.def)             Requested size: 117.43884pt x 117.43846pt.

<../all_cages/WC4_final_alignment.png, id=258, 2055.68pt x 2055.68pt>
File: ../all_cages/WC4_final_alignment.png Graphic file (type png)

<use ../all_cages/WC4_final_alignment.png>
Package pdftex.def Info: ../all_cages/WC4_final_alignment.png used on input lin
e 112.
(pdftex.def)             Requested size: 117.43884pt x 117.43846pt.
) [16

 <../all_cages/A11_final_alignment.png (PNG copy)> <../all_cages/B11_final_alig
nment.png (PNG copy)> <../all_cages/B13_final_alignment.png (PNG copy)> <../all
_cages/B15_final_alignment.png (PNG copy)> <../all_cages/B18_final_alignment.pn
g (PNG copy)> <../all_cages/B1_final_alignment.png (PNG copy)> <../all_cages/B2
3_final_alignment.png (PNG copy)> <../all_cages/B24_final_alignment.png (PNG co
py)> <../all_cages/B25_final_alignment.png (PNG copy)> <../all_cages/B26_final_
alignment.png (PNG copy)> <../all_cages/B2_final_alignment.png (PNG copy)> <../
all_cages/B4_final_alignment.png (PNG copy)>] [17 <../all_cages/B5_final_alignm
ent.png (PNG copy)> <../all_cages/B9_final_alignment.png (PNG copy)> <../all_ca
ges/C11_final_alignment.png (PNG copy)> <../all_cages/C13_final_alignment.png (
PNG copy)> <../all_cages/C15_final_alignment.png (PNG copy)> <../all_cages/C18_
final_alignment.png (PNG copy)> <../all_cages/C1_final_alignment.png (PNG copy)
> <../all_cages/C20_final_alignment.png (PNG copy)> <../all_cages/C21_final_ali
gnment.png (PNG copy)> <../all_cages/C23_final_alignment.png (PNG copy)>] [18 <
../all_cages/C24_final_alignment.png (PNG copy)> <../all_cages/C25_final_alignm
ent.png (PNG copy)> <../all_cages/C26_final_alignment.png (PNG copy)> <../all_c
ages/C2_final_alignment.png (PNG copy)> <../all_cages/C4_final_alignment.png (P
NG copy)> <../all_cages/C5_final_alignment.png (PNG copy)> <../all_cages/C6_fin
al_alignment.png (PNG copy)> <../all_cages/C8_final_alignment.png (PNG copy)> <
../all_cages/C9_final_alignment.png (PNG copy)> <../all_cages/CB5_final_alignme
nt.png (PNG copy)> <../all_cages/CB6_final_alignment.png (PNG copy)> <../all_ca
ges/CB7_final_alignment.png (PNG copy)>] [19 <../all_cages/CC10_final_alignment
.png (PNG copy)> <../all_cages/CC2_final_alignment.png (PNG copy)> <../all_cage
s/CC4_final_alignment.png (PNG copy)> <../all_cages/CC5_final_alignment.png (PN
G copy)> <../all_cages/CC9_final_alignment.png (PNG copy)> <../all_cages/CD1_fi
nal_alignment.png (PNG copy)> <../all_cages/CD2_final_alignment.png (PNG copy)>
 <../all_cages/CD3_final_alignment.png (PNG copy)> <../all_cages/CP1_final_alig
nment.png (PNG copy)> <../all_cages/CP3_final_alignment.png (PNG copy)>] [20 <.
./all_cages/CP4_final_alignment.png (PNG copy)> <../all_cages/CP5_final_alignme
nt.png (PNG copy)> <../all_cages/DC1_final_alignment.png (PNG copy)> <../all_ca
ges/GC1_final_alignment.png (PNG copy)> <../all_cages/HC1_final_alignment.png (
PNG copy)> <../all_cages/IC1_final_alignment.png (PNG copy)> <../all_cages/IC2_
final_alignment.png (PNG copy)> <../all_cages/MC1_final_alignment.png (PNG copy
)> <../all_cages/MC2_final_alignment.png (PNG copy)> <../all_cages/MC3_final_al
ignment.png (PNG copy)> <../all_cages/MC4_final_alignment.png (PNG copy)> <../a
ll_cages/MC5_final_alignment.png (PNG copy)>] [21 <../all_cages/MC6_final_align
ment.png (PNG copy)> <../all_cages/MC7_final_alignment.png (PNG copy)> <../all_
cages/NC1_final_alignment.png (PNG copy)> <../all_cages/NC2_final_alignment.png
 (PNG copy)> <../all_cages/RCC1a_final_alignment.png (PNG copy)> <../all_cages/
RCC1b_final_alignment.png (PNG copy)> <../all_cages/RCC1c_final_alignment.png (
PNG copy)> <../all_cages/RCC1d_final_alignment.png (PNG copy)> <../all_cages/RC
C3a_final_alignment.png (PNG copy)> <../all_cages/RCC3b_final_alignment.png (PN
G copy)> <../all_cages/WC1_final_alignment.png (PNG copy)> <../all_cages/WC2_fi
nal_alignment.png (PNG copy)>]
[22 <../all_cages/WC3_final_alignment.png (PNG copy)> <../all_cages/WC4_final_a
lignment.png (PNG copy)>] <../cc3_histogram.png, id=281, 578.16pt x 433.62pt>
File: ../cc3_histogram.png Graphic file (type png)

<use ../cc3_histogram.png>
Package pdftex.def Info: ../cc3_histogram.png used on input line 391.
(pdftex.def)             Requested size: 305.33812pt x 229.00368pt.
 [23

]
<../PCA_latent_cage_space_with_flexible_cages_2D.pdf, id=286, 578.16pt x 578.16
pt>
File: ../PCA_latent_cage_space_with_flexible_cages_2D.pdf Graphic file (type pd
f)
 <use ../PCA_latent_cage_space_with_flexible_cages_2D.pdf>
Package pdftex.def Info: ../PCA_latent_cage_space_with_flexible_cages_2D.pdf us
ed on input line 405.
(pdftex.def)             Requested size: 469.75539pt x 469.75385pt.
 [24 <../cc3_histogram.png>] [25 <../PCA_latent_cage_space_with_flexible_cages_
2D.pdf>] [26

]
<../distance_of_binding_sites.pdf, id=347, 1445.4pt x 1445.4pt>
File: ../distance_of_binding_sites.pdf Graphic file (type pdf)

<use ../distance_of_binding_sites.pdf>
Package pdftex.def Info: ../distance_of_binding_sites.pdf used on input line 42
7.
(pdftex.def)             Requested size: 469.75539pt x 469.74944pt.
 [27] [28 <../distance_of_binding_sites.pdf>] [29

] (./SI.bbl [30

]) [31] (./SI.aux)

LaTeX Warning: There were multiply-defined labels.

 ) 
Here is how much of TeX's memory you used:
 25344 strings out of 493029
 507356 string characters out of 6136233
 557010 words of memory out of 5000000
 28370 multiletter control sequences out of 15000+600000
 26381 words of font info for 73 fonts, out of 8000000 for 9000
 1141 hyphenation exceptions out of 8191
 62i,11n,94p,10402b,533s stack positions out of 5000i,500n,10000p,200000b,80000s
{/usr/share/texmf/fonts/enc/dvips/cm-super/cm-super-t1.enc}</usr/share/texliv
e/texmf-dist/fonts/type1/public/amsfonts/cm/cmbx12.pfb></usr/share/texlive/texm
f-dist/fonts/type1/public/amsfonts/cm/cmbx8.pfb></usr/share/texlive/texmf-dist/
fonts/type1/public/amsfonts/cm/cmex10.pfb></usr/share/texlive/texmf-dist/fonts/
type1/public/amsfonts/cm/cmmi12.pfb></usr/share/texlive/texmf-dist/fonts/type1/
public/amsfonts/cm/cmmi8.pfb></usr/share/texlive/texmf-dist/fonts/type1/public/
amsfonts/cm/cmr12.pfb></usr/share/texlive/texmf-dist/fonts/type1/public/amsfont
s/cm/cmr8.pfb></usr/share/texlive/texmf-dist/fonts/type1/public/amsfonts/cm/cms
y10.pfb></usr/share/texlive/texmf-dist/fonts/type1/public/amsfonts/cm/cmsy8.pfb
></usr/share/texlive/texmf-dist/fonts/type1/public/amsfonts/symbols/msbm10.pfb>
</usr/share/texmf/fonts/type1/public/cm-super/sfbx1200.pfb></usr/share/texmf/fo
nts/type1/public/cm-super/sfbx1440.pfb></usr/share/texmf/fonts/type1/public/cm-
super/sfbx1728.pfb></usr/share/texmf/fonts/type1/public/cm-super/sfrm0800.pfb><
/usr/share/texmf/fonts/type1/public/cm-super/sfrm1000.pfb></usr/share/texmf/fon
ts/type1/public/cm-super/sfrm1200.pfb></usr/share/texmf/fonts/type1/public/cm-s
uper/sfss1200.pfb></usr/share/texmf/fonts/type1/public/cm-super/sfss1440.pfb></
usr/share/texmf/fonts/type1/public/cm-super/sfsx2074.pfb></usr/share/texmf/font
s/type1/public/cm-super/sfti1200.pfb></usr/share/texmf/fonts/type1/public/cm-su
per/sftt1200.pfb>
Output written on SI.pdf (31 pages, 19575203 bytes).
PDF statistics:
 564 PDF objects out of 1000 (max. 8388607)
 170 compressed objects within 2 object streams
 0 named destinations out of 1000 (max. 500000)
 458 words of extra memory for PDF output out of 10000 (max. 10000000)

